This file contains any messages produced by compilers while
running configure, to aid debugging if configure makes a mistake.

It was created by configure, which was
generated by GNU Autoconf 2.53.  Invocation command line was

  $ ./configure 

## --------- ##
## Platform. ##
## --------- ##

hostname = lapbruegge31.informatik.tu-muenchen.de
uname -m = Power Macintosh
uname -r = 7.3.0
uname -s = Darwin
uname -v = Darwin Kernel Version 7.3.0: Fri Mar  5 14:22:55 PST 2004; root:xnu/xnu-517.3.15.obj~4/RELEASE_PPC 

/usr/bin/uname -p = powerpc
/bin/uname -X     = unknown

/bin/arch              = unknown
/usr/bin/arch -k       = unknown
/usr/convex/getsysinfo = unknown
hostinfo               = Mach kernel version:
	 Darwin Kernel Version 7.3.0:
Fri Mar  5 14:22:55 PST 2004; root:xnu/xnu-517.3.15.obj~4/RELEASE_PPC


Kernel configured for a single processor only.
1 processor is physically available.
Processor type: ppc7450 (PowerPC 7450)
Processor active: 0
Primary memory available: 1024.00 megabytes.
Default processor set: 79 tasks, 249 threads, 1 processors
Load average: 1.96, Mach factor: 0.26
unknown
/bin/machine           = unknown
/usr/bin/oslevel       = unknown
/bin/universe          = unknown

PATH: /opt/itg/bin
PATH: /usr/bin
PATH: /bin
PATH: /usr/sbin
PATH: /sbin
PATH: /Users/pittenau
PATH: /usr/local/bin
PATH: /usr/local/bin
PATH: /Users/pittenau/.bin
PATH: /usr/local/bin
PATH: /private/automount/Network/Users/pittenau/.bin


## ----------- ##
## Core tests. ##
## ----------- ##

configure:1253: checking for gcc
configure:1269: found /usr/bin/gcc
configure:1279: result: gcc
configure:1523: checking for C compiler version
configure:1526: gcc --version </dev/null >&5
gcc (GCC) 3.3 20030304 (Apple Computer, Inc. build 1495)
Copyright (C) 2002 Free Software Foundation, Inc.
This is free software; see the source for copying conditions.  There is NO
warranty; not even for MERCHANTABILITY or FITNESS FOR A PARTICULAR PURPOSE.

configure:1529: $? = 0
configure:1531: gcc -v </dev/null >&5
Reading specs from /usr/libexec/gcc/darwin/ppc/3.3/specs
Thread model: posix
gcc version 3.3 20030304 (Apple Computer, Inc. build 1495)
configure:1534: $? = 0
configure:1536: gcc -V </dev/null >&5
gcc: `-V' option must have argument
configure:1539: $? = 1
configure:1565: checking for C compiler default output
configure:1568: gcc    conftest.c  >&5
configure:1571: $? = 0
configure:1604: result: a.out
configure:1609: checking whether the C compiler works
configure:1615: ./a.out
configure:1618: $? = 0
configure:1633: result: yes
configure:1640: checking whether we are cross compiling
configure:1642: result: no
configure:1645: checking for suffix of executables
configure:1647: gcc -o conftest    conftest.c  >&5
configure:1650: $? = 0
configure:1672: result: 
configure:1678: checking for suffix of object files
configure:1702: gcc -c   conftest.c >&5
configure:1705: $? = 0
configure:1724: result: o
configure:1728: checking whether we are using the GNU C compiler
configure:1755: gcc -c   conftest.c >&5
configure:1758: $? = 0
configure:1761: test -s conftest.o
configure:1764: $? = 0
configure:1776: result: yes
configure:1782: checking whether gcc accepts -g
configure:1806: gcc -c -g  conftest.c >&5
configure:1809: $? = 0
configure:1812: test -s conftest.o
configure:1815: $? = 0
configure:1825: result: yes
configure:1852: gcc -c -g -O2  conftest.c >&5
conftest.c:2: error: parse error before "me"
configure:1855: $? = 1
configure: failed program was:
#ifndef __cplusplus
  choke me
#endif
configure:2006: checking for ranlib
configure:2022: found /usr/bin/ranlib
configure:2033: result: ranlib
configure:2053: checking how to run the C preprocessor
configure:2079: gcc -E  conftest.c
configure:2085: $? = 0
configure:2112: gcc -E  conftest.c
configure:2108:28: ac_nonexistent.h: No such file or directory
configure:2118: $? = 1
configure: failed program was:
#line 2107 "configure"
#include "confdefs.h"
#include <ac_nonexistent.h>
configure:2155: result: gcc -E
configure:2170: gcc -E  conftest.c
configure:2176: $? = 0
configure:2203: gcc -E  conftest.c
configure:2199:28: ac_nonexistent.h: No such file or directory
configure:2209: $? = 1
configure: failed program was:
#line 2198 "configure"
#include "confdefs.h"
#include <ac_nonexistent.h>
configure:2249: checking for ANSI C header files
configure:2263: gcc -E  conftest.c
configure:2269: $? = 0
configure:2354: gcc -o conftest -g -O2   conftest.c  >&5
configure:2357: $? = 0
configure:2359: ./conftest
configure:2362: $? = 0
configure:2376: result: yes
configure:2400: checking for sys/types.h
configure:2413: gcc -c -g -O2  conftest.c >&5
configure:2416: $? = 0
configure:2419: test -s conftest.o
configure:2422: $? = 0
configure:2432: result: yes
configure:2400: checking for sys/stat.h
configure:2413: gcc -c -g -O2  conftest.c >&5
configure:2416: $? = 0
configure:2419: test -s conftest.o
configure:2422: $? = 0
configure:2432: result: yes
configure:2400: checking for stdlib.h
configure:2413: gcc -c -g -O2  conftest.c >&5
configure:2416: $? = 0
configure:2419: test -s conftest.o
configure:2422: $? = 0
configure:2432: result: yes
configure:2400: checking for string.h
configure:2413: gcc -c -g -O2  conftest.c >&5
configure:2416: $? = 0
configure:2419: test -s conftest.o
configure:2422: $? = 0
configure:2432: result: yes
configure:2400: checking for memory.h
configure:2413: gcc -c -g -O2  conftest.c >&5
configure:2416: $? = 0
configure:2419: test -s conftest.o
configure:2422: $? = 0
configure:2432: result: yes
configure:2400: checking for strings.h
configure:2413: gcc -c -g -O2  conftest.c >&5
configure:2416: $? = 0
configure:2419: test -s conftest.o
configure:2422: $? = 0
configure:2432: result: yes
configure:2400: checking for inttypes.h
configure:2413: gcc -c -g -O2  conftest.c >&5
configure:2416: $? = 0
configure:2419: test -s conftest.o
configure:2422: $? = 0
configure:2432: result: yes
configure:2400: checking for stdint.h
configure:2413: gcc -c -g -O2  conftest.c >&5
configure:2416: $? = 0
configure:2419: test -s conftest.o
configure:2422: $? = 0
configure:2432: result: yes
configure:2400: checking for unistd.h
configure:2413: gcc -c -g -O2  conftest.c >&5
configure:2416: $? = 0
configure:2419: test -s conftest.o
configure:2422: $? = 0
configure:2432: result: yes
configure:2454: checking for stdlib.h
configure:2459: result: yes
configure:2454: checking for string.h
configure:2459: result: yes
configure:2454: checking for strings.h
configure:2459: result: yes
configure:2463: checking sys/time.h usability
configure:2472: gcc -c -g -O2  conftest.c >&5
configure:2475: $? = 0
configure:2478: test -s conftest.o
configure:2481: $? = 0
configure:2490: result: yes
configure:2494: checking sys/time.h presence
configure:2501: gcc -E  conftest.c
configure:2507: $? = 0
configure:2525: result: yes
configure:2543: checking for sys/time.h
configure:2550: result: yes
configure:2454: checking for unistd.h
configure:2459: result: yes
configure:2463: checking sys/times.h usability
configure:2472: gcc -c -g -O2  conftest.c >&5
configure:2475: $? = 0
configure:2478: test -s conftest.o
configure:2481: $? = 0
configure:2490: result: yes
configure:2494: checking sys/times.h presence
configure:2501: gcc -E  conftest.c
configure:2507: $? = 0
configure:2525: result: yes
configure:2543: checking for sys/times.h
configure:2550: result: yes
configure:2564: checking for int
configure:2591: gcc -c -g -O2  conftest.c >&5
configure:2594: $? = 0
configure:2597: test -s conftest.o
configure:2600: $? = 0
configure:2610: result: yes
configure:2613: checking size of int
configure:2891: gcc -o conftest -g -O2   conftest.c  >&5
configure:2894: $? = 0
configure:2896: ./conftest
configure:2899: $? = 0
configure:2919: result: 4
configure:2926: checking for short
configure:2953: gcc -c -g -O2  conftest.c >&5
configure:2956: $? = 0
configure:2959: test -s conftest.o
configure:2962: $? = 0
configure:2972: result: yes
configure:2975: checking size of short
configure:3253: gcc -o conftest -g -O2   conftest.c  >&5
configure:3256: $? = 0
configure:3258: ./conftest
configure:3261: $? = 0
configure:3281: result: 2
configure:3288: checking for long
configure:3315: gcc -c -g -O2  conftest.c >&5
configure:3318: $? = 0
configure:3321: test -s conftest.o
configure:3324: $? = 0
configure:3334: result: yes
configure:3337: checking size of long
configure:3615: gcc -o conftest -g -O2   conftest.c  >&5
configure:3618: $? = 0
configure:3620: ./conftest
configure:3623: $? = 0
configure:3643: result: 4
configure:3650: checking for gcc option to accept ANSI C
configure:3713: gcc  -c -g -O2  conftest.c >&5
configure:3716: $? = 0
configure:3719: test -s conftest.o
configure:3722: $? = 0
configure:3739: result: none needed
configure:3747: checking for an ANSI C-conforming const
configure:3817: gcc -c -g -O2  conftest.c >&5
configure:3820: $? = 0
configure:3823: test -s conftest.o
configure:3826: $? = 0
configure:3836: result: yes
configure:3846: checking whether time.h and sys/time.h may both be included
configure:3874: gcc -c -g -O2  conftest.c >&5
configure:3877: $? = 0
configure:3880: test -s conftest.o
configure:3883: $? = 0
configure:3893: result: yes
configure:3906: checking for working alloca.h
configure:3930: gcc -o conftest -g -O2   conftest.c  >&5
configure:3933: $? = 0
configure:3936: test -s conftest
configure:3939: $? = 0
configure:3949: result: yes
configure:3959: checking for alloca
configure:4003: gcc -o conftest -g -O2   conftest.c  >&5
configure:4006: $? = 0
configure:4009: test -s conftest
configure:4012: $? = 0
configure:4022: result: yes
configure:4212: checking for working memcmp
configure:4263: gcc -o conftest -g -O2   conftest.c  >&5
configure:4266: $? = 0
configure:4268: ./conftest
configure:4271: $? = 0
configure:4284: result: yes
configure:4289: checking for prototypes
configure:4313: gcc -c -g -O2  conftest.c >&5
configure:4316: $? = 0
configure:4319: test -s conftest.o
configure:4322: $? = 0
configure:4332: result: yes
configure:4341: checking for variable length prototypes and stdarg.h
configure:4375: gcc -c -g -O2  conftest.c >&5
configure:4378: $? = 0
configure:4381: test -s conftest.o
configure:4384: $? = 0
configure:4394: result: yes
configure:4486: creating ./config.status

## ---------------------- ##
## Running config.status. ##
## ---------------------- ##

This file was extended by config.status, which was
generated by GNU Autoconf 2.53.  Invocation command line was

  CONFIG_FILES    = 
  CONFIG_HEADERS  = 
  CONFIG_LINKS    = 
  CONFIG_COMMANDS = 
  $ ./config.status 

on lapbruegge31.informatik.tu-muenchen.de

config.status:565: creating Makefile
config.status:668: creating config.h

## ---------------- ##
## Cache variables. ##
## ---------------- ##

ac_cv_c_compiler_gnu=yes
ac_cv_c_const=yes
ac_cv_env_CC_set=
ac_cv_env_CC_value=
ac_cv_env_CFLAGS_set=
ac_cv_env_CFLAGS_value=
ac_cv_env_CPPFLAGS_set=
ac_cv_env_CPPFLAGS_value=
ac_cv_env_CPP_set=
ac_cv_env_CPP_value=
ac_cv_env_LDFLAGS_set=
ac_cv_env_LDFLAGS_value=
ac_cv_env_build_alias_set=
ac_cv_env_build_alias_value=
ac_cv_env_host_alias_set=
ac_cv_env_host_alias_value=
ac_cv_env_target_alias_set=
ac_cv_env_target_alias_value=
ac_cv_exeext=
ac_cv_func_alloca_works=yes
ac_cv_func_memcmp_working=yes
ac_cv_header_inttypes_h=yes
ac_cv_header_memory_h=yes
ac_cv_header_stdc=yes
ac_cv_header_stdint_h=yes
ac_cv_header_stdlib_h=yes
ac_cv_header_string_h=yes
ac_cv_header_strings_h=yes
ac_cv_header_sys_stat_h=yes
ac_cv_header_sys_time_h=yes
ac_cv_header_sys_times_h=yes
ac_cv_header_sys_types_h=yes
ac_cv_header_time=yes
ac_cv_header_unistd_h=yes
ac_cv_objext=o
ac_cv_prog_CPP='gcc -E'
ac_cv_prog_ac_ct_CC=gcc
ac_cv_prog_ac_ct_RANLIB=ranlib
ac_cv_prog_cc_g=yes
ac_cv_prog_cc_stdc=
ac_cv_sizeof_int=4
ac_cv_sizeof_long=4
ac_cv_sizeof_short=2
ac_cv_type_int=yes
ac_cv_type_long=yes
ac_cv_type_short=yes
ac_cv_working_alloca_h=yes

## ----------- ##
## confdefs.h. ##
## ----------- ##

#define PACKAGE_NAME ""
#define PACKAGE_TARNAME ""
#define PACKAGE_VERSION ""
#define PACKAGE_STRING ""
#define PACKAGE_BUGREPORT ""
#define STDC_HEADERS 1
#define HAVE_SYS_TYPES_H 1
#define HAVE_SYS_STAT_H 1
#define HAVE_STDLIB_H 1
#define HAVE_STRING_H 1
#define HAVE_MEMORY_H 1
#define HAVE_STRINGS_H 1
#define HAVE_INTTYPES_H 1
#define HAVE_STDINT_H 1
#define HAVE_UNISTD_H 1
#define HAVE_STDLIB_H 1
#define HAVE_STRING_H 1
#define HAVE_STRINGS_H 1
#define HAVE_SYS_TIME_H 1
#define HAVE_UNISTD_H 1
#define HAVE_SYS_TIMES_H 1
#define SIZEOF_INT 4
#define SIZEOF_SHORT 2
#define SIZEOF_LONG 4
#define TIME_WITH_SYS_TIME 1
#define HAVE_ALLOCA_H 1
#define HAVE_ALLOCA 1
#define HAVE_PROTOTYPES 1
#define HAVE_STDARG_PROTOTYPES 1

configure: exit 0
